{"name": "test_func_2", "status": "failed", "statusDetails": {"message": "AssertionError: assert 2 == 0\n +  where 2 = func(-1)", "trace": "def test_func_2():\n        src = -1\n        expect = 0\n>       assert func(src) == expect\nE       assert 2 == 0\nE        +  where 2 = func(-1)\n\ntest_allure_demo.py:23: AssertionError"}, "start": 1642663075508, "stop": 1642663075509, "uuid": "e2e28594-8386-45a6-a353-a797011aac34", "historyId": "cbf9a9b24a8c9fcdbff76086709b8c12", "testCaseId": "d6db3ba5e59cde3dafd397516eea1570", "fullName": "test_allure_demo#test_func_2", "labels": [{"name": "suite", "value": "test_allure_demo"}, {"name": "host", "value": "DESKTOP-V45JC51"}, {"name": "thread", "value": "42040-MainThread"}, {"name": "framework", "value": "pytest"}, {"name": "language", "value": "cpython3"}, {"name": "package", "value": "test_allure_demo"}]}