{"name": "test_3", "status": "failed", "statusDetails": {"message": "AssertionError: assert 2 == 6\n  +2\n  -6", "trace": "setup_module = <Pytest.test_allure2.TestClass object at 0x000002A11C889460>\n\n    @allure.story(\"功能测试用例3\")\n    def test_3(setup_module):\n        allure.attach.file(r\"C:\\Users\\zhangbinghui\\PycharmProjects\\anaconda\\Pytest\\test.png\",attachment_type=allure.attachment_type.PNG)\n        print('Test_3 called.')\n>       assert 2 == 1 + 5\nE       assert 2 == 6\nE         +2\nE         -6\n\ntest_allure2.py:42: AssertionError"}, "attachments": [{"source": "7c63223a-b250-4175-bf63-ab75471e3c7a-attachment.png", "type": "image/png"}], "start": 1643182551085, "stop": 1643182551086, "uuid": "506901de-5d74-4e9a-a522-3283b5e8a32e", "historyId": "3cd3021efd2c9cdca6e71c38112d6732", "testCaseId": "c98b9fe8fa316bbd69ea874cb4139972", "fullName": "test_allure2.TestClass#test_3", "labels": [{"name": "feature", "value": "测试用例功能"}, {"name": "story", "value": "功能测试用例3"}, {"name": "suite", "value": "test_allure2"}, {"name": "subSuite", "value": "TestClass"}, {"name": "host", "value": "DESKTOP-V45JC51"}, {"name": "thread", "value": "21324-MainThread"}, {"name": "framework", "value": "pytest"}, {"name": "language", "value": "cpython3"}, {"name": "package", "value": "test_allure2"}]}