{
  "uid" : "9f44bd2d9aba8769",
  "name" : "test_3",
  "fullName" : "test_allure2.TestClass#test_3",
  "historyId" : "3cd3021efd2c9cdca6e71c38112d6732",
  "time" : {
    "start" : 1643182076430,
    "stop" : 1643182076432,
    "duration" : 2
  },
  "status" : "failed",
  "statusMessage" : "AssertionError: assert 2 == 6\n  +2\n  -6",
  "statusTrace" : "setup_module = <Pytest.test_allure2.TestClass object at 0x000002DD21F69490>\n\n    @allure.story(\"功能测试用例3\")\n    def test_3(setup_module):\n        allure.attach.file(r\"C:\\Users\\zhangbinghui\\PycharmProjects\\anaconda\\Pytest\\test.png\",attachment_type=allure.attachment_type.PNG)\n        print('Test_3 called.')\n>       assert 2 == 1 + 5\nE       assert 2 == 6\nE         +2\nE         -6\n\ntest_allure2.py:41: AssertionError",
  "flaky" : false,
  "newFailed" : false,
  "beforeStages" : [ {
    "name" : "login2",
    "time" : {
      "start" : 1643182076423,
      "stop" : 1643182076423,
      "duration" : 0
    },
    "status" : "passed",
    "steps" : [ ],
    "attachments" : [ ],
    "parameters" : [ ],
    "hasContent" : false,
    "stepsCount" : 0,
    "attachmentsCount" : 0,
    "shouldDisplayMessage" : false
  }, {
    "name" : "login",
    "time" : {
      "start" : 1643182076423,
      "stop" : 1643182076423,
      "duration" : 0
    },
    "status" : "passed",
    "steps" : [ ],
    "attachments" : [ ],
    "parameters" : [ ],
    "hasContent" : false,
    "stepsCount" : 0,
    "attachmentsCount" : 0,
    "shouldDisplayMessage" : false
  } ],
  "testStage" : {
    "status" : "failed",
    "statusMessage" : "AssertionError: assert 2 == 6\n  +2\n  -6",
    "statusTrace" : "setup_module = <Pytest.test_allure2.TestClass object at 0x000002DD21F69490>\n\n    @allure.story(\"功能测试用例3\")\n    def test_3(setup_module):\n        allure.attach.file(r\"C:\\Users\\zhangbinghui\\PycharmProjects\\anaconda\\Pytest\\test.png\",attachment_type=allure.attachment_type.PNG)\n        print('Test_3 called.')\n>       assert 2 == 1 + 5\nE       assert 2 == 6\nE         +2\nE         -6\n\ntest_allure2.py:41: AssertionError",
    "steps" : [ ],
    "attachments" : [ {
      "uid" : "19db69a41062c444",
      "name" : "d346aaa9-1827-4a0b-8d32-26e13c47b3c3-attachment.png",
      "source" : "19db69a41062c444.png",
      "type" : "image/png",
      "size" : 4787
    } ],
    "parameters" : [ ],
    "hasContent" : true,
    "stepsCount" : 0,
    "attachmentsCount" : 1,
    "shouldDisplayMessage" : true
  },
  "afterStages" : [ ],
  "labels" : [ {
    "name" : "story",
    "value" : "功能测试用例3"
  }, {
    "name" : "feature",
    "value" : "测试用例功能"
  }, {
    "name" : "suite",
    "value" : "test_allure2"
  }, {
    "name" : "subSuite",
    "value" : "TestClass"
  }, {
    "name" : "host",
    "value" : "DESKTOP-V45JC51"
  }, {
    "name" : "thread",
    "value" : "19356-MainThread"
  }, {
    "name" : "framework",
    "value" : "pytest"
  }, {
    "name" : "language",
    "value" : "cpython3"
  }, {
    "name" : "package",
    "value" : "test_allure2"
  }, {
    "name" : "resultFormat",
    "value" : "allure2"
  } ],
  "parameters" : [ ],
  "links" : [ ],
  "hidden" : false,
  "retry" : false,
  "extra" : {
    "severity" : "normal",
    "retries" : [ ],
    "categories" : [ {
      "name" : "Product defects",
      "matchedStatuses" : [ ],
      "flaky" : false
    } ],
    "tags" : [ ]
  },
  "source" : "9f44bd2d9aba8769.json",
  "parameterValues" : [ ]
}