{
  "uid" : "3908639bffe41829",
  "name" : "test_3",
  "fullName" : "test_allure2.TestClass#test_3",
  "historyId" : "3cd3021efd2c9cdca6e71c38112d6732",
  "time" : {
    "start" : 1643182551085,
    "stop" : 1643182551086,
    "duration" : 1
  },
  "status" : "failed",
  "statusMessage" : "AssertionError: assert 2 == 6\n  +2\n  -6",
  "statusTrace" : "setup_module = <Pytest.test_allure2.TestClass object at 0x000002A11C889460>\n\n    @allure.story(\"功能测试用例3\")\n    def test_3(setup_module):\n        allure.attach.file(r\"C:\\Users\\zhangbinghui\\PycharmProjects\\anaconda\\Pytest\\test.png\",attachment_type=allure.attachment_type.PNG)\n        print('Test_3 called.')\n>       assert 2 == 1 + 5\nE       assert 2 == 6\nE         +2\nE         -6\n\ntest_allure2.py:42: AssertionError",
  "flaky" : false,
  "newFailed" : false,
  "beforeStages" : [ {
    "name" : "login",
    "time" : {
      "start" : 1643182551077,
      "stop" : 1643182551078,
      "duration" : 1
    },
    "status" : "passed",
    "steps" : [ ],
    "attachments" : [ ],
    "parameters" : [ ],
    "attachmentsCount" : 0,
    "shouldDisplayMessage" : false,
    "stepsCount" : 0,
    "hasContent" : false
  }, {
    "name" : "login2",
    "time" : {
      "start" : 1643182551078,
      "stop" : 1643182551078,
      "duration" : 0
    },
    "status" : "passed",
    "steps" : [ ],
    "attachments" : [ ],
    "parameters" : [ ],
    "attachmentsCount" : 0,
    "shouldDisplayMessage" : false,
    "stepsCount" : 0,
    "hasContent" : false
  } ],
  "testStage" : {
    "status" : "failed",
    "statusMessage" : "AssertionError: assert 2 == 6\n  +2\n  -6",
    "statusTrace" : "setup_module = <Pytest.test_allure2.TestClass object at 0x000002A11C889460>\n\n    @allure.story(\"功能测试用例3\")\n    def test_3(setup_module):\n        allure.attach.file(r\"C:\\Users\\zhangbinghui\\PycharmProjects\\anaconda\\Pytest\\test.png\",attachment_type=allure.attachment_type.PNG)\n        print('Test_3 called.')\n>       assert 2 == 1 + 5\nE       assert 2 == 6\nE         +2\nE         -6\n\ntest_allure2.py:42: AssertionError",
    "steps" : [ ],
    "attachments" : [ {
      "uid" : "62fe74e3cf3efc31",
      "name" : "7c63223a-b250-4175-bf63-ab75471e3c7a-attachment.png",
      "source" : "62fe74e3cf3efc31.png",
      "type" : "image/png",
      "size" : 4787
    } ],
    "parameters" : [ ],
    "attachmentsCount" : 1,
    "shouldDisplayMessage" : true,
    "stepsCount" : 0,
    "hasContent" : true
  },
  "afterStages" : [ ],
  "labels" : [ {
    "name" : "feature",
    "value" : "测试用例功能"
  }, {
    "name" : "story",
    "value" : "功能测试用例3"
  }, {
    "name" : "suite",
    "value" : "test_allure2"
  }, {
    "name" : "subSuite",
    "value" : "TestClass"
  }, {
    "name" : "host",
    "value" : "DESKTOP-V45JC51"
  }, {
    "name" : "thread",
    "value" : "21324-MainThread"
  }, {
    "name" : "framework",
    "value" : "pytest"
  }, {
    "name" : "language",
    "value" : "cpython3"
  }, {
    "name" : "package",
    "value" : "test_allure2"
  }, {
    "name" : "resultFormat",
    "value" : "allure2"
  } ],
  "parameters" : [ ],
  "links" : [ ],
  "hidden" : false,
  "retry" : false,
  "extra" : {
    "severity" : "normal",
    "retries" : [ ],
    "categories" : [ {
      "name" : "Product defects",
      "matchedStatuses" : [ ],
      "flaky" : false
    } ],
    "tags" : [ ]
  },
  "source" : "3908639bffe41829.json",
  "parameterValues" : [ ]
}