{"name": "test_3", "status": "failed", "statusDetails": {"message": "AssertionError: assert 2 == 6\n  +2\n  -6", "trace": "setup_module = <Pytest.test_allure2.TestClass object at 0x000002DD21F69490>\n\n    @allure.story(\"功能测试用例3\")\n    def test_3(setup_module):\n        allure.attach.file(r\"C:\\Users\\zhangbinghui\\PycharmProjects\\anaconda\\Pytest\\test.png\",attachment_type=allure.attachment_type.PNG)\n        print('Test_3 called.')\n>       assert 2 == 1 + 5\nE       assert 2 == 6\nE         +2\nE         -6\n\ntest_allure2.py:41: AssertionError"}, "attachments": [{"source": "d346aaa9-1827-4a0b-8d32-26e13c47b3c3-attachment.png", "type": "image/png"}], "start": 1643182076430, "stop": 1643182076432, "uuid": "c6cea552-26ca-4ac8-87c3-461a2dcb84e5", "historyId": "3cd3021efd2c9cdca6e71c38112d6732", "testCaseId": "c98b9fe8fa316bbd69ea874cb4139972", "fullName": "test_allure2.TestClass#test_3", "labels": [{"name": "story", "value": "功能测试用例3"}, {"name": "feature", "value": "测试用例功能"}, {"name": "suite", "value": "test_allure2"}, {"name": "subSuite", "value": "TestClass"}, {"name": "host", "value": "DESKTOP-V45JC51"}, {"name": "thread", "value": "19356-MainThread"}, {"name": "framework", "value": "pytest"}, {"name": "language", "value": "cpython3"}, {"name": "package", "value": "test_allure2"}]}